1 1.0 1.0
2 1.0 1.0
3 1.0 1.0
4 1.0 1.0
5 1.0 1.0
6 1.0 1.0
7 1.0 1.0
8 1.0 1.0
9 1.0 1.0
10 1.0 1.0
1 1.1 1.0
2 1.1 1.0
3 1.1 1.0
4 1.1 1.0
5 1.1 1.0
6 1.1 1.0
7 1.1 1.0
8 1.1 1.0
9 1.1 1.0
10 1.1 1.0
1 1.2 1.0
2 1.2 1.0
3 1.2 1.0
4 1.2 1.0
5 1.2 1.0
6 1.2 1.0
7 1.2 1.0
8 1.2 1.0
9 1.2 1.0
10 1.2 1.0
1 1.3 1.0
2 1.3 1.0
3 1.3 1.0
4 1.3 1.0
5 1.3 1.0
6 1.3 1.0
7 1.3 1.0
8 1.3 1.0
9 1.3 1.0
10 1.3 1.0
1 1.4 1.0
2 1.4 1.0
3 1.4 1.0
4 1.4 1.0
5 1.4 1.0
6 1.4 1.0
7 1.4 1.0
8 1.4 1.0
9 1.4 1.0
10 1.4 1.0
1 1.5 1.0
2 1.5 1.0
3 1.5 1.0
4 1.5 1.0
5 1.5 1.0
6 1.5 1.0
7 1.5 1.0
8 1.5 1.0
9 1.5 1.0
10 1.5 1.0
1 1.6 1.0
2 1.6 1.0
3 1.6 1.0
4 1.6 1.0
5 1.6 1.0
6 1.6 1.0
7 1.6 1.0
8 1.6 1.0
9 1.6 1.0
10 1.6 1.0
1 1.7 1.0
2 1.7 1.0
3 1.7 1.0
4 1.7 1.0
5 1.7 1.0
6 1.7 1.0
7 1.7 1.0
8 1.7 1.0
9 1.7 1.0
10 1.7 1.0
1 1.8 1.0
2 1.8 1.0
3 1.8 1.0
4 1.8 1.0
5 1.8 1.0
6 1.8 1.0
7 1.8 1.0
8 1.8 1.0
9 1.8 1.0
10 1.8 1.0
1 1.9 1.0
2 1.9 1.0
3 1.9 1.0
4 1.9 1.0
5 1.9 1.0
6 1.9 1.0
7 1.9 1.0
8 1.9 1.0
9 1.9 1.0
10 1.9 1.0
1 1.0 16.0
2 1.0 16.0
3 1.0 16.0
4 1.0 16.0
5 1.0 16.0
6 1.0 16.0
7 1.0 16.0
8 1.0 16.0
9 1.0 16.0
10 1.0 16.0
1 1.1 16.0
2 1.1 16.0
3 1.1 16.0
4 1.1 16.0
5 1.1 16.0
6 1.1 16.0
7 1.1 16.0
8 1.1 16.0
9 1.1 16.0
10 1.1 16.0
1 1.2 16.0
2 1.2 16.0
3 1.2 16.0
4 1.2 16.0
5 1.2 16.0
6 1.2 16.0
7 1.2 16.0
8 1.2 16.0
9 1.2 16.0
10 1.2 16.0
1 1.3 16.0
2 1.3 16.0
3 1.3 16.0
4 1.3 16.0
5 1.3 16.0
6 1.3 16.0
7 1.3 16.0
8 1.3 16.0
9 1.3 16.0
10 1.3 16.0
1 1.4 16.0
2 1.4 16.0
3 1.4 16.0
4 1.4 16.0
5 1.4 16.0
6 1.4 16.0
7 1.4 16.0
8 1.4 16.0
9 1.4 16.0
10 1.4 16.0
1 1.5 16.0
2 1.5 16.0
3 1.5 16.0
4 1.5 16.0
5 1.5 16.0
6 1.5 16.0
7 1.5 16.0
8 1.5 16.0
9 1.5 16.0
10 1.5 16.0
1 1.6 16.0
2 1.6 16.0
3 1.6 16.0
4 1.6 16.0
5 1.6 16.0
6 1.6 16.0
7 1.6 16.0
8 1.6 16.0
9 1.6 16.0
10 1.6 16.0
1 1.7 16.0
2 1.7 16.0
3 1.7 16.0
4 1.7 16.0
5 1.7 16.0
6 1.7 16.0
7 1.7 16.0
8 1.7 16.0
9 1.7 16.0
10 1.7 16.0
1 1.8 16.0
2 1.8 16.0
3 1.8 16.0
4 1.8 16.0
5 1.8 16.0
6 1.8 16.0
7 1.8 16.0
8 1.8 16.0
9 1.8 16.0
10 1.8 16.0
1 1.9 16.0
2 1.9 16.0
3 1.9 16.0
4 1.9 16.0
5 1.9 16.0
6 1.9 16.0
7 1.9 16.0
8 1.9 16.0
9 1.9 16.0
10 1.9 16.0
1 1.0 0.5
1 1.0 8.0
2 1.0 0.5
2 1.0 8.0
3 1.0 0.5
3 1.0 8.0
4 1.0 0.5
4 1.0 8.0
5 1.0 0.5
5 1.0 8.0
6 1.0 0.5
6 1.0 8.0
7 1.0 0.5
7 1.0 8.0
8 1.0 0.5
8 1.0 8.0
9 1.0 0.5
9 1.0 8.0
10 1.0 0.5
10 1.0 8.0
1 1.1 0.5
1 1.1 8.0
2 1.1 0.5
2 1.1 8.0
3 1.1 0.5
3 1.1 8.0
4 1.1 0.5
4 1.1 8.0
5 1.1 0.5
5 1.1 8.0
6 1.1 0.5
6 1.1 8.0
7 1.1 0.5
7 1.1 8.0
8 1.1 0.5
8 1.1 8.0
9 1.1 0.5
9 1.1 8.0
10 1.1 0.5
10 1.1 8.0
1 1.2 0.5
1 1.2 8.0
2 1.2 0.5
2 1.2 8.0
3 1.2 0.5
3 1.2 8.0
4 1.2 0.5
4 1.2 8.0
5 1.2 0.5
5 1.2 8.0
6 1.2 0.5
6 1.2 8.0
7 1.2 0.5
7 1.2 8.0
8 1.2 0.5
8 1.2 8.0
9 1.2 0.5
9 1.2 8.0
10 1.2 0.5
10 1.2 8.0
1 1.3 0.5
1 1.3 8.0
2 1.3 0.5
2 1.3 8.0
3 1.3 0.5
3 1.3 8.0
4 1.3 0.5
4 1.3 8.0
5 1.3 0.5
5 1.3 8.0
6 1.3 0.5
6 1.3 8.0
7 1.3 0.5
7 1.3 8.0
8 1.3 0.5
8 1.3 8.0
9 1.3 0.5
9 1.3 8.0
10 1.3 0.5
10 1.3 8.0
1 1.4 0.5
1 1.4 8.0
2 1.4 0.5
2 1.4 8.0
3 1.4 0.5
3 1.4 8.0
4 1.4 0.5
4 1.4 8.0
5 1.4 0.5
5 1.4 8.0
6 1.4 0.5
6 1.4 8.0
7 1.4 0.5
7 1.4 8.0
8 1.4 0.5
8 1.4 8.0
9 1.4 0.5
9 1.4 8.0
10 1.4 0.5
10 1.4 8.0
1 1.5 0.5
1 1.5 8.0
2 1.5 0.5
2 1.5 8.0
3 1.5 0.5
3 1.5 8.0
4 1.5 0.5
4 1.5 8.0
5 1.5 0.5
5 1.5 8.0
6 1.5 0.5
6 1.5 8.0
7 1.5 0.5
7 1.5 8.0
8 1.5 0.5
8 1.5 8.0
9 1.5 0.5
9 1.5 8.0
10 1.5 0.5
10 1.5 8.0
1 1.6 0.5
1 1.6 8.0
2 1.6 0.5
2 1.6 8.0
3 1.6 0.5
3 1.6 8.0
4 1.6 0.5
4 1.6 8.0
5 1.6 0.5
5 1.6 8.0
6 1.6 0.5
6 1.6 8.0
7 1.6 0.5
7 1.6 8.0
8 1.6 0.5
8 1.6 8.0
9 1.6 0.5
9 1.6 8.0
10 1.6 0.5
10 1.6 8.0
1 1.7 0.5
1 1.7 8.0
2 1.7 0.5
2 1.7 8.0
3 1.7 0.5
3 1.7 8.0
4 1.7 0.5
4 1.7 8.0
5 1.7 0.5
5 1.7 8.0
6 1.7 0.5
6 1.7 8.0
7 1.7 0.5
7 1.7 8.0
8 1.7 0.5
8 1.7 8.0
9 1.7 0.5
9 1.7 8.0
10 1.7 0.5
10 1.7 8.0
1 1.8 0.5
1 1.8 8.0
2 1.8 0.5
2 1.8 8.0
3 1.8 0.5
3 1.8 8.0
4 1.8 0.5
4 1.8 8.0
5 1.8 0.5
5 1.8 8.0
6 1.8 0.5
6 1.8 8.0
7 1.8 0.5
7 1.8 8.0
8 1.8 0.5
8 1.8 8.0
9 1.8 0.5
9 1.8 8.0
10 1.8 0.5
10 1.8 8.0
1 1.9 0.5
1 1.9 8.0
2 1.9 0.5
2 1.9 8.0
3 1.9 0.5
3 1.9 8.0
4 1.9 0.5
4 1.9 8.0
5 1.9 0.5
5 1.9 8.0
6 1.9 0.5
6 1.9 8.0
7 1.9 0.5
7 1.9 8.0
8 1.9 0.5
8 1.9 8.0
9 1.9 0.5
9 1.9 8.0
10 1.9 0.5
10 1.9 8.0
1 1.0 32.0
2 1.0 32.0
3 1.0 32.0
4 1.0 32.0
5 1.0 32.0
6 1.0 32.0
7 1.0 32.0
8 1.0 32.0
9 1.0 32.0
10 1.0 32.0
1 1.1 32.0
2 1.1 32.0
3 1.1 32.0
4 1.1 32.0
5 1.1 32.0
6 1.1 32.0
7 1.1 32.0
8 1.1 32.0
9 1.1 32.0
10 1.1 32.0
1 1.2 32.0
2 1.2 32.0
3 1.2 32.0
4 1.2 32.0
5 1.2 32.0
6 1.2 32.0
7 1.2 32.0
8 1.2 32.0
9 1.2 32.0
10 1.2 32.0
1 1.3 32.0
2 1.3 32.0
3 1.3 32.0
4 1.3 32.0
5 1.3 32.0
6 1.3 32.0
7 1.3 32.0
8 1.3 32.0
9 1.3 32.0
10 1.3 32.0
1 1.4 32.0
2 1.4 32.0
3 1.4 32.0
4 1.4 32.0
5 1.4 32.0
6 1.4 32.0
7 1.4 32.0
8 1.4 32.0
9 1.4 32.0
10 1.4 32.0
1 1.5 32.0
2 1.5 32.0
3 1.5 32.0
4 1.5 32.0
5 1.5 32.0
6 1.5 32.0
7 1.5 32.0
8 1.5 32.0
9 1.5 32.0
10 1.5 32.0
1 1.6 32.0
2 1.6 32.0
3 1.6 32.0
4 1.6 32.0
5 1.6 32.0
6 1.6 32.0
7 1.6 32.0
8 1.6 32.0
9 1.6 32.0
10 1.6 32.0
1 1.7 32.0
2 1.7 32.0
3 1.7 32.0
4 1.7 32.0
5 1.7 32.0
6 1.7 32.0
7 1.7 32.0
8 1.7 32.0
9 1.7 32.0
10 1.7 32.0
1 1.8 32.0
2 1.8 32.0
3 1.8 32.0
4 1.8 32.0
5 1.8 32.0
6 1.8 32.0
7 1.8 32.0
8 1.8 32.0
9 1.8 32.0
10 1.8 32.0
1 1.9 32.0
2 1.9 32.0
3 1.9 32.0
4 1.9 32.0
5 1.9 32.0
6 1.9 32.0
7 1.9 32.0
8 1.9 32.0
9 1.9 32.0
10 1.9 32.0
1 1.0 0.25
2 1.0 0.25
3 1.0 0.25
4 1.0 0.25
5 1.0 0.25
6 1.0 0.25
7 1.0 0.25
8 1.0 0.25
9 1.0 0.25
10 1.0 0.25
1 1.1 0.25
2 1.1 0.25
3 1.1 0.25
4 1.1 0.25
5 1.1 0.25
6 1.1 0.25
7 1.1 0.25
8 1.1 0.25
9 1.1 0.25
10 1.1 0.25
1 1.2 0.25
2 1.2 0.25
3 1.2 0.25
4 1.2 0.25
5 1.2 0.25
6 1.2 0.25
7 1.2 0.25
8 1.2 0.25
9 1.2 0.25
10 1.2 0.25
1 1.3 0.25
2 1.3 0.25
3 1.3 0.25
4 1.3 0.25
5 1.3 0.25
6 1.3 0.25
7 1.3 0.25
8 1.3 0.25
9 1.3 0.25
10 1.3 0.25
1 1.4 0.25
2 1.4 0.25
3 1.4 0.25
4 1.4 0.25
5 1.4 0.25
6 1.4 0.25
7 1.4 0.25
8 1.4 0.25
9 1.4 0.25
10 1.4 0.25
1 1.5 0.25
2 1.5 0.25
3 1.5 0.25
4 1.5 0.25
5 1.5 0.25
6 1.5 0.25
7 1.5 0.25
8 1.5 0.25
9 1.5 0.25
10 1.5 0.25
1 1.6 0.25
2 1.6 0.25
3 1.6 0.25
4 1.6 0.25
5 1.6 0.25
6 1.6 0.25
7 1.6 0.25
8 1.6 0.25
9 1.6 0.25
10 1.6 0.25
1 1.7 0.25
2 1.7 0.25
3 1.7 0.25
4 1.7 0.25
5 1.7 0.25
6 1.7 0.25
7 1.7 0.25
8 1.7 0.25
9 1.7 0.25
10 1.7 0.25
1 1.8 0.25
2 1.8 0.25
3 1.8 0.25
4 1.8 0.25
5 1.8 0.25
6 1.8 0.25
7 1.8 0.25
8 1.8 0.25
9 1.8 0.25
10 1.8 0.25
1 1.9 0.25
2 1.9 0.25
3 1.9 0.25
4 1.9 0.25
5 1.9 0.25
6 1.9 0.25
7 1.9 0.25
8 1.9 0.25
9 1.9 0.25
10 1.9 0.25
1 1.0 4.0
2 1.0 4.0
3 1.0 4.0
4 1.0 4.0
5 1.0 4.0
6 1.0 4.0
7 1.0 4.0
8 1.0 4.0
9 1.0 4.0
10 1.0 4.0
1 1.1 4.0
2 1.1 4.0
3 1.1 4.0
4 1.1 4.0
5 1.1 4.0
6 1.1 4.0
7 1.1 4.0
8 1.1 4.0
9 1.1 4.0
10 1.1 4.0
1 1.2 4.0
2 1.2 4.0
3 1.2 4.0
4 1.2 4.0
5 1.2 4.0
6 1.2 4.0
7 1.2 4.0
8 1.2 4.0
9 1.2 4.0
10 1.2 4.0
1 1.3 4.0
2 1.3 4.0
3 1.3 4.0
4 1.3 4.0
5 1.3 4.0
6 1.3 4.0
7 1.3 4.0
8 1.3 4.0
9 1.3 4.0
10 1.3 4.0
1 1.4 4.0
2 1.4 4.0
3 1.4 4.0
4 1.4 4.0
5 1.4 4.0
6 1.4 4.0
7 1.4 4.0
8 1.4 4.0
9 1.4 4.0
10 1.4 4.0
1 1.5 4.0
2 1.5 4.0
3 1.5 4.0
4 1.5 4.0
5 1.5 4.0
6 1.5 4.0
7 1.5 4.0
8 1.5 4.0
9 1.5 4.0
10 1.5 4.0
1 1.6 4.0
2 1.6 4.0
3 1.6 4.0
4 1.6 4.0
5 1.6 4.0
6 1.6 4.0
7 1.6 4.0
8 1.6 4.0
9 1.6 4.0
10 1.6 4.0
1 1.7 4.0
2 1.7 4.0
3 1.7 4.0
4 1.7 4.0
5 1.7 4.0
6 1.7 4.0
7 1.7 4.0
8 1.7 4.0
9 1.7 4.0
10 1.7 4.0
1 1.8 4.0
2 1.8 4.0
3 1.8 4.0
4 1.8 4.0
5 1.8 4.0
6 1.8 4.0
7 1.8 4.0
8 1.8 4.0
9 1.8 4.0
10 1.8 4.0
1 1.9 4.0
2 1.9 4.0
3 1.9 4.0
4 1.9 4.0
5 1.9 4.0
6 1.9 4.0
7 1.9 4.0
8 1.9 4.0
9 1.9 4.0
10 1.9 4.0
1 1.0 128.0
2 1.0 128.0
3 1.0 128.0
4 1.0 128.0
5 1.0 128.0
6 1.0 128.0
7 1.0 128.0
8 1.0 128.0
9 1.0 128.0
10 1.0 128.0
1 1.1 128.0
2 1.1 128.0
3 1.1 128.0
4 1.1 128.0
5 1.1 128.0
6 1.1 128.0
7 1.1 128.0
8 1.1 128.0
9 1.1 128.0
10 1.1 128.0
1 1.2 128.0
2 1.2 128.0
3 1.2 128.0
4 1.2 128.0
5 1.2 128.0
6 1.2 128.0
7 1.2 128.0
8 1.2 128.0
9 1.2 128.0
10 1.2 128.0
1 1.3 128.0
2 1.3 128.0
3 1.3 128.0
4 1.3 128.0
5 1.3 128.0
6 1.3 128.0
7 1.3 128.0
8 1.3 128.0
9 1.3 128.0
10 1.3 128.0
1 1.4 128.0
2 1.4 128.0
3 1.4 128.0
4 1.4 128.0
5 1.4 128.0
6 1.4 128.0
7 1.4 128.0
8 1.4 128.0
9 1.4 128.0
10 1.4 128.0
1 1.5 128.0
2 1.5 128.0
3 1.5 128.0
4 1.5 128.0
5 1.5 128.0
6 1.5 128.0
7 1.5 128.0
8 1.5 128.0
9 1.5 128.0
10 1.5 128.0
1 1.6 128.0
2 1.6 128.0
3 1.6 128.0
4 1.6 128.0
5 1.6 128.0
6 1.6 128.0
7 1.6 128.0
8 1.6 128.0
9 1.6 128.0
10 1.6 128.0
1 1.7 128.0
2 1.7 128.0
3 1.7 128.0
4 1.7 128.0
5 1.7 128.0
6 1.7 128.0
7 1.7 128.0
8 1.7 128.0
9 1.7 128.0
10 1.7 128.0
1 1.8 128.0
2 1.8 128.0
3 1.8 128.0
4 1.8 128.0
5 1.8 128.0
6 1.8 128.0
7 1.8 128.0
8 1.8 128.0
9 1.8 128.0
10 1.8 128.0
1 1.9 128.0
2 1.9 128.0
3 1.9 128.0
4 1.9 128.0
5 1.9 128.0
6 1.9 128.0
7 1.9 128.0
8 1.9 128.0
9 1.9 128.0
10 1.9 128.0
1 1.0 64.0
2 1.0 64.0
3 1.0 64.0
4 1.0 64.0
5 1.0 64.0
6 1.0 64.0
7 1.0 64.0
8 1.0 64.0
9 1.0 64.0
10 1.0 64.0
1 1.1 64.0
2 1.1 64.0
3 1.1 64.0
4 1.1 64.0
5 1.1 64.0
6 1.1 64.0
7 1.1 64.0
8 1.1 64.0
9 1.1 64.0
10 1.1 64.0
1 1.2 64.0
2 1.2 64.0
3 1.2 64.0
4 1.2 64.0
5 1.2 64.0
6 1.2 64.0
7 1.2 64.0
8 1.2 64.0
9 1.2 64.0
10 1.2 64.0
1 1.3 64.0
2 1.3 64.0
3 1.3 64.0
4 1.3 64.0
5 1.3 64.0
6 1.3 64.0
7 1.3 64.0
8 1.3 64.0
9 1.3 64.0
10 1.3 64.0
1 1.4 64.0
2 1.4 64.0
3 1.4 64.0
4 1.4 64.0
5 1.4 64.0
6 1.4 64.0
7 1.4 64.0
8 1.4 64.0
9 1.4 64.0
10 1.4 64.0
1 1.5 64.0
2 1.5 64.0
3 1.5 64.0
4 1.5 64.0
5 1.5 64.0
6 1.5 64.0
7 1.5 64.0
8 1.5 64.0
9 1.5 64.0
10 1.5 64.0
1 1.6 64.0
2 1.6 64.0
3 1.6 64.0
4 1.6 64.0
5 1.6 64.0
6 1.6 64.0
7 1.6 64.0
8 1.6 64.0
9 1.6 64.0
10 1.6 64.0
1 1.7 64.0
2 1.7 64.0
3 1.7 64.0
4 1.7 64.0
5 1.7 64.0
6 1.7 64.0
7 1.7 64.0
8 1.7 64.0
9 1.7 64.0
10 1.7 64.0
1 1.8 64.0
2 1.8 64.0
3 1.8 64.0
4 1.8 64.0
5 1.8 64.0
6 1.8 64.0
7 1.8 64.0
8 1.8 64.0
9 1.8 64.0
10 1.8 64.0
1 1.9 64.0
2 1.9 64.0
3 1.9 64.0
4 1.9 64.0
5 1.9 64.0
6 1.9 64.0
7 1.9 64.0
8 1.9 64.0
9 1.9 64.0
10 1.9 64.0
1 1.0 2.0
2 1.0 2.0
3 1.0 2.0
4 1.0 2.0
5 1.0 2.0
6 1.0 2.0
7 1.0 2.0
8 1.0 2.0
9 1.0 2.0
10 1.0 2.0
1 1.1 2.0
2 1.1 2.0
3 1.1 2.0
4 1.1 2.0
5 1.1 2.0
6 1.1 2.0
7 1.1 2.0
8 1.1 2.0
9 1.1 2.0
10 1.1 2.0
1 1.2 2.0
2 1.2 2.0
3 1.2 2.0
4 1.2 2.0
5 1.2 2.0
6 1.2 2.0
7 1.2 2.0
8 1.2 2.0
9 1.2 2.0
10 1.2 2.0
1 1.3 2.0
2 1.3 2.0
3 1.3 2.0
4 1.3 2.0
5 1.3 2.0
6 1.3 2.0
7 1.3 2.0
8 1.3 2.0
9 1.3 2.0
10 1.3 2.0
1 1.4 2.0
2 1.4 2.0
3 1.4 2.0
4 1.4 2.0
5 1.4 2.0
6 1.4 2.0
7 1.4 2.0
8 1.4 2.0
9 1.4 2.0
10 1.4 2.0
1 1.5 2.0
2 1.5 2.0
3 1.5 2.0
4 1.5 2.0
5 1.5 2.0
6 1.5 2.0
7 1.5 2.0
8 1.5 2.0
9 1.5 2.0
10 1.5 2.0
1 1.6 2.0
2 1.6 2.0
3 1.6 2.0
4 1.6 2.0
5 1.6 2.0
6 1.6 2.0
7 1.6 2.0
8 1.6 2.0
9 1.6 2.0
10 1.6 2.0
1 1.7 2.0
2 1.7 2.0
3 1.7 2.0
4 1.7 2.0
5 1.7 2.0
6 1.7 2.0
7 1.7 2.0
8 1.7 2.0
9 1.7 2.0
10 1.7 2.0
1 1.8 2.0
2 1.8 2.0
3 1.8 2.0
4 1.8 2.0
5 1.8 2.0
6 1.8 2.0
7 1.8 2.0
8 1.8 2.0
9 1.8 2.0
10 1.8 2.0
1 1.9 2.0
2 1.9 2.0
3 1.9 2.0
4 1.9 2.0
5 1.9 2.0
6 1.9 2.0
7 1.9 2.0
8 1.9 2.0
9 1.9 2.0
10 1.9 2.0
