1 1.0 0.35355339059327373
1 1.0 0.7071067811865475
2 1.0 0.35355339059327373
2 1.0 0.7071067811865475
3 1.0 0.35355339059327373
3 1.0 0.7071067811865475
4 1.0 0.35355339059327373
4 1.0 0.7071067811865475
5 1.0 0.35355339059327373
5 1.0 0.7071067811865475
6 1.0 0.35355339059327373
6 1.0 0.7071067811865475
7 1.0 0.35355339059327373
7 1.0 0.7071067811865475
8 1.0 0.35355339059327373
8 1.0 0.7071067811865475
9 1.0 0.35355339059327373
9 1.0 0.7071067811865475
10 1.0 0.35355339059327373
10 1.0 0.7071067811865475
1 1.1 0.35355339059327373
1 1.1 0.7071067811865475
2 1.1 0.35355339059327373
2 1.1 0.7071067811865475
3 1.1 0.35355339059327373
3 1.1 0.7071067811865475
4 1.1 0.35355339059327373
4 1.1 0.7071067811865475
5 1.1 0.35355339059327373
5 1.1 0.7071067811865475
6 1.1 0.35355339059327373
6 1.1 0.7071067811865475
7 1.1 0.35355339059327373
7 1.1 0.7071067811865475
8 1.1 0.35355339059327373
8 1.1 0.7071067811865475
9 1.1 0.35355339059327373
9 1.1 0.7071067811865475
10 1.1 0.35355339059327373
10 1.1 0.7071067811865475
1 1.2 0.35355339059327373
1 1.2 0.7071067811865475
2 1.2 0.35355339059327373
2 1.2 0.7071067811865475
3 1.2 0.35355339059327373
3 1.2 0.7071067811865475
4 1.2 0.35355339059327373
4 1.2 0.7071067811865475
5 1.2 0.35355339059327373
5 1.2 0.7071067811865475
6 1.2 0.35355339059327373
6 1.2 0.7071067811865475
7 1.2 0.35355339059327373
7 1.2 0.7071067811865475
8 1.2 0.35355339059327373
8 1.2 0.7071067811865475
9 1.2 0.35355339059327373
9 1.2 0.7071067811865475
10 1.2 0.35355339059327373
10 1.2 0.7071067811865475
1 1.3 0.35355339059327373
1 1.3 0.7071067811865475
2 1.3 0.35355339059327373
2 1.3 0.7071067811865475
3 1.3 0.35355339059327373
3 1.3 0.7071067811865475
4 1.3 0.35355339059327373
4 1.3 0.7071067811865475
5 1.3 0.35355339059327373
5 1.3 0.7071067811865475
6 1.3 0.35355339059327373
6 1.3 0.7071067811865475
7 1.3 0.35355339059327373
7 1.3 0.7071067811865475
8 1.3 0.35355339059327373
8 1.3 0.7071067811865475
9 1.3 0.35355339059327373
9 1.3 0.7071067811865475
10 1.3 0.7071067811865475
1 1.4 0.7071067811865475
2 1.4 0.7071067811865475
10 1.3 0.35355339059327373
3 1.4 0.7071067811865475
1 1.4 0.35355339059327373
4 1.4 0.7071067811865475
2 1.4 0.35355339059327373
5 1.4 0.7071067811865475
3 1.4 0.35355339059327373
6 1.4 0.7071067811865475
4 1.4 0.35355339059327373
7 1.4 0.7071067811865475
5 1.4 0.35355339059327373
8 1.4 0.7071067811865475
6 1.4 0.35355339059327373
9 1.4 0.7071067811865475
7 1.4 0.35355339059327373
10 1.4 0.7071067811865475
8 1.4 0.35355339059327373
1 1.5 0.7071067811865475
9 1.4 0.35355339059327373
2 1.5 0.7071067811865475
10 1.4 0.35355339059327373
3 1.5 0.7071067811865475
1 1.5 0.35355339059327373
4 1.5 0.7071067811865475
2 1.5 0.35355339059327373
5 1.5 0.7071067811865475
3 1.5 0.35355339059327373
6 1.5 0.7071067811865475
4 1.5 0.35355339059327373
7 1.5 0.7071067811865475
5 1.5 0.35355339059327373
8 1.5 0.7071067811865475
6 1.5 0.35355339059327373
9 1.5 0.7071067811865475
7 1.5 0.35355339059327373
10 1.5 0.7071067811865475
8 1.5 0.35355339059327373
1 1.6 0.7071067811865475
9 1.5 0.35355339059327373
2 1.6 0.7071067811865475
10 1.5 0.35355339059327373
3 1.6 0.7071067811865475
1 1.6 0.35355339059327373
4 1.6 0.7071067811865475
2 1.6 0.35355339059327373
5 1.6 0.7071067811865475
3 1.6 0.35355339059327373
6 1.6 0.7071067811865475
4 1.6 0.35355339059327373
7 1.6 0.7071067811865475
5 1.6 0.35355339059327373
8 1.6 0.7071067811865475
6 1.6 0.35355339059327373
9 1.6 0.7071067811865475
7 1.6 0.35355339059327373
10 1.6 0.7071067811865475
8 1.6 0.35355339059327373
1 1.7 0.7071067811865475
9 1.6 0.35355339059327373
2 1.7 0.7071067811865475
10 1.6 0.35355339059327373
3 1.7 0.7071067811865475
1 1.7 0.35355339059327373
4 1.7 0.7071067811865475
2 1.7 0.35355339059327373
5 1.7 0.7071067811865475
3 1.7 0.35355339059327373
6 1.7 0.7071067811865475
4 1.7 0.35355339059327373
7 1.7 0.7071067811865475
5 1.7 0.35355339059327373
8 1.7 0.7071067811865475
6 1.7 0.35355339059327373
9 1.7 0.7071067811865475
7 1.7 0.35355339059327373
10 1.7 0.7071067811865475
8 1.7 0.35355339059327373
1 1.8 0.7071067811865475
9 1.7 0.35355339059327373
2 1.8 0.7071067811865475
10 1.7 0.35355339059327373
3 1.8 0.7071067811865475
1 1.8 0.35355339059327373
4 1.8 0.7071067811865475
2 1.8 0.35355339059327373
5 1.8 0.7071067811865475
3 1.8 0.35355339059327373
6 1.8 0.7071067811865475
4 1.8 0.35355339059327373
7 1.8 0.7071067811865475
5 1.8 0.35355339059327373
8 1.8 0.7071067811865475
6 1.8 0.35355339059327373
9 1.8 0.7071067811865475
7 1.8 0.35355339059327373
10 1.8 0.7071067811865475
8 1.8 0.35355339059327373
1 1.9 0.7071067811865475
9 1.8 0.35355339059327373
2 1.9 0.7071067811865475
10 1.8 0.35355339059327373
3 1.9 0.7071067811865475
1 1.9 0.35355339059327373
4 1.9 0.7071067811865475
2 1.9 0.35355339059327373
5 1.9 0.7071067811865475
3 1.9 0.35355339059327373
6 1.9 0.7071067811865475
4 1.9 0.35355339059327373
7 1.9 0.7071067811865475
5 1.9 0.35355339059327373
8 1.9 0.7071067811865475
6 1.9 0.35355339059327373
9 1.9 0.7071067811865475
7 1.9 0.35355339059327373
10 1.9 0.7071067811865475
8 1.9 0.35355339059327373
9 1.9 0.35355339059327373
10 1.9 0.35355339059327373
1 1.0 0.17677669529663687
2 1.0 0.17677669529663687
3 1.0 0.17677669529663687
4 1.0 0.17677669529663687
5 1.0 0.17677669529663687
6 1.0 0.17677669529663687
7 1.0 0.17677669529663687
8 1.0 0.17677669529663687
9 1.0 0.17677669529663687
10 1.0 0.17677669529663687
1 1.1 0.17677669529663687
2 1.1 0.17677669529663687
3 1.1 0.17677669529663687
4 1.1 0.17677669529663687
5 1.1 0.17677669529663687
6 1.1 0.17677669529663687
7 1.1 0.17677669529663687
8 1.1 0.17677669529663687
9 1.1 0.17677669529663687
10 1.1 0.17677669529663687
1 1.2 0.17677669529663687
2 1.2 0.17677669529663687
3 1.2 0.17677669529663687
4 1.2 0.17677669529663687
5 1.2 0.17677669529663687
6 1.2 0.17677669529663687
7 1.2 0.17677669529663687
8 1.2 0.17677669529663687
9 1.2 0.17677669529663687
10 1.2 0.17677669529663687
1 1.3 0.17677669529663687
2 1.3 0.17677669529663687
3 1.3 0.17677669529663687
4 1.3 0.17677669529663687
5 1.3 0.17677669529663687
6 1.3 0.17677669529663687
7 1.3 0.17677669529663687
8 1.3 0.17677669529663687
9 1.3 0.17677669529663687
10 1.3 0.17677669529663687
1 1.4 0.17677669529663687
2 1.4 0.17677669529663687
3 1.4 0.17677669529663687
4 1.4 0.17677669529663687
5 1.4 0.17677669529663687
6 1.4 0.17677669529663687
7 1.4 0.17677669529663687
8 1.4 0.17677669529663687
9 1.4 0.17677669529663687
10 1.4 0.17677669529663687
1 1.5 0.17677669529663687
2 1.5 0.17677669529663687
3 1.5 0.17677669529663687
4 1.5 0.17677669529663687
5 1.5 0.17677669529663687
6 1.5 0.17677669529663687
7 1.5 0.17677669529663687
8 1.5 0.17677669529663687
9 1.5 0.17677669529663687
10 1.5 0.17677669529663687
1 1.6 0.17677669529663687
2 1.6 0.17677669529663687
3 1.6 0.17677669529663687
4 1.6 0.17677669529663687
5 1.6 0.17677669529663687
6 1.6 0.17677669529663687
7 1.6 0.17677669529663687
8 1.6 0.17677669529663687
9 1.6 0.17677669529663687
10 1.6 0.17677669529663687
1 1.7 0.17677669529663687
2 1.7 0.17677669529663687
3 1.7 0.17677669529663687
4 1.7 0.17677669529663687
5 1.7 0.17677669529663687
6 1.7 0.17677669529663687
7 1.7 0.17677669529663687
8 1.7 0.17677669529663687
9 1.7 0.17677669529663687
10 1.7 0.17677669529663687
1 1.8 0.17677669529663687
2 1.8 0.17677669529663687
3 1.8 0.17677669529663687
4 1.8 0.17677669529663687
5 1.8 0.17677669529663687
6 1.8 0.17677669529663687
7 1.8 0.17677669529663687
8 1.8 0.17677669529663687
9 1.8 0.17677669529663687
10 1.8 0.17677669529663687
1 1.9 0.17677669529663687
2 1.9 0.17677669529663687
3 1.9 0.17677669529663687
4 1.9 0.17677669529663687
5 1.9 0.17677669529663687
6 1.9 0.17677669529663687
7 1.9 0.17677669529663687
8 1.9 0.17677669529663687
9 1.9 0.17677669529663687
10 1.9 0.17677669529663687
1 1.0 11.31370849898476
2 1.0 11.31370849898476
3 1.0 11.31370849898476
4 1.0 11.31370849898476
5 1.0 11.31370849898476
6 1.0 11.31370849898476
7 1.0 11.31370849898476
8 1.0 11.31370849898476
9 1.0 11.31370849898476
10 1.0 11.31370849898476
1 1.1 11.31370849898476
2 1.1 11.31370849898476
3 1.1 11.31370849898476
4 1.1 11.31370849898476
5 1.1 11.31370849898476
6 1.1 11.31370849898476
7 1.1 11.31370849898476
8 1.1 11.31370849898476
9 1.1 11.31370849898476
10 1.1 11.31370849898476
1 1.2 11.31370849898476
2 1.2 11.31370849898476
3 1.2 11.31370849898476
4 1.2 11.31370849898476
5 1.2 11.31370849898476
6 1.2 11.31370849898476
7 1.2 11.31370849898476
8 1.2 11.31370849898476
9 1.2 11.31370849898476
10 1.2 11.31370849898476
1 1.3 11.31370849898476
2 1.3 11.31370849898476
3 1.3 11.31370849898476
4 1.3 11.31370849898476
5 1.3 11.31370849898476
6 1.3 11.31370849898476
7 1.3 11.31370849898476
8 1.3 11.31370849898476
9 1.3 11.31370849898476
10 1.3 11.31370849898476
1 1.4 11.31370849898476
2 1.4 11.31370849898476
3 1.4 11.31370849898476
4 1.4 11.31370849898476
5 1.4 11.31370849898476
6 1.4 11.31370849898476
7 1.4 11.31370849898476
8 1.4 11.31370849898476
9 1.4 11.31370849898476
10 1.4 11.31370849898476
1 1.5 11.31370849898476
2 1.5 11.31370849898476
3 1.5 11.31370849898476
4 1.5 11.31370849898476
5 1.5 11.31370849898476
6 1.5 11.31370849898476
7 1.5 11.31370849898476
8 1.5 11.31370849898476
9 1.5 11.31370849898476
10 1.5 11.31370849898476
1 1.6 11.31370849898476
2 1.6 11.31370849898476
3 1.6 11.31370849898476
4 1.6 11.31370849898476
5 1.6 11.31370849898476
6 1.6 11.31370849898476
7 1.6 11.31370849898476
8 1.6 11.31370849898476
9 1.6 11.31370849898476
10 1.6 11.31370849898476
1 1.7 11.31370849898476
2 1.7 11.31370849898476
3 1.7 11.31370849898476
4 1.7 11.31370849898476
5 1.7 11.31370849898476
6 1.7 11.31370849898476
7 1.7 11.31370849898476
8 1.7 11.31370849898476
9 1.7 11.31370849898476
10 1.7 11.31370849898476
1 1.8 11.31370849898476
2 1.8 11.31370849898476
3 1.8 11.31370849898476
4 1.8 11.31370849898476
5 1.8 11.31370849898476
6 1.8 11.31370849898476
7 1.8 11.31370849898476
8 1.8 11.31370849898476
9 1.8 11.31370849898476
10 1.8 11.31370849898476
1 1.9 11.31370849898476
2 1.9 11.31370849898476
3 1.9 11.31370849898476
4 1.9 11.31370849898476
5 1.9 11.31370849898476
6 1.9 11.31370849898476
7 1.9 11.31370849898476
8 1.9 11.31370849898476
9 1.9 11.31370849898476
10 1.9 11.31370849898476
1 1.0 45.25483399593904
2 1.0 45.25483399593904
3 1.0 45.25483399593904
4 1.0 45.25483399593904
5 1.0 45.25483399593904
6 1.0 45.25483399593904
7 1.0 45.25483399593904
8 1.0 45.25483399593904
9 1.0 45.25483399593904
10 1.0 45.25483399593904
1 1.1 45.25483399593904
2 1.1 45.25483399593904
3 1.1 45.25483399593904
4 1.1 45.25483399593904
5 1.1 45.25483399593904
6 1.1 45.25483399593904
7 1.1 45.25483399593904
8 1.1 45.25483399593904
9 1.1 45.25483399593904
10 1.1 45.25483399593904
1 1.2 45.25483399593904
2 1.2 45.25483399593904
3 1.2 45.25483399593904
4 1.2 45.25483399593904
5 1.2 45.25483399593904
6 1.2 45.25483399593904
7 1.2 45.25483399593904
8 1.2 45.25483399593904
9 1.2 45.25483399593904
10 1.2 45.25483399593904
1 1.3 45.25483399593904
2 1.3 45.25483399593904
3 1.3 45.25483399593904
4 1.3 45.25483399593904
5 1.3 45.25483399593904
6 1.3 45.25483399593904
7 1.3 45.25483399593904
8 1.3 45.25483399593904
9 1.3 45.25483399593904
10 1.3 45.25483399593904
1 1.4 45.25483399593904
2 1.4 45.25483399593904
3 1.4 45.25483399593904
4 1.4 45.25483399593904
5 1.4 45.25483399593904
6 1.4 45.25483399593904
7 1.4 45.25483399593904
8 1.4 45.25483399593904
9 1.4 45.25483399593904
10 1.4 45.25483399593904
1 1.5 45.25483399593904
2 1.5 45.25483399593904
3 1.5 45.25483399593904
4 1.5 45.25483399593904
5 1.5 45.25483399593904
6 1.5 45.25483399593904
7 1.5 45.25483399593904
8 1.5 45.25483399593904
9 1.5 45.25483399593904
10 1.5 45.25483399593904
1 1.6 45.25483399593904
2 1.6 45.25483399593904
3 1.6 45.25483399593904
4 1.6 45.25483399593904
5 1.6 45.25483399593904
6 1.6 45.25483399593904
7 1.6 45.25483399593904
8 1.6 45.25483399593904
9 1.6 45.25483399593904
10 1.6 45.25483399593904
1 1.7 45.25483399593904
2 1.7 45.25483399593904
3 1.7 45.25483399593904
4 1.7 45.25483399593904
5 1.7 45.25483399593904
6 1.7 45.25483399593904
7 1.7 45.25483399593904
8 1.7 45.25483399593904
9 1.7 45.25483399593904
10 1.7 45.25483399593904
1 1.8 45.25483399593904
2 1.8 45.25483399593904
3 1.8 45.25483399593904
4 1.8 45.25483399593904
5 1.8 45.25483399593904
6 1.8 45.25483399593904
7 1.8 45.25483399593904
8 1.8 45.25483399593904
9 1.8 45.25483399593904
10 1.8 45.25483399593904
1 1.9 45.25483399593904
2 1.9 45.25483399593904
3 1.9 45.25483399593904
4 1.9 45.25483399593904
5 1.9 45.25483399593904
6 1.9 45.25483399593904
7 1.9 45.25483399593904
8 1.9 45.25483399593904
9 1.9 45.25483399593904
10 1.9 45.25483399593904
1 1.0 90.50966799187808
2 1.0 90.50966799187808
3 1.0 90.50966799187808
4 1.0 90.50966799187808
5 1.0 90.50966799187808
6 1.0 90.50966799187808
7 1.0 90.50966799187808
8 1.0 90.50966799187808
9 1.0 90.50966799187808
10 1.0 90.50966799187808
1 1.1 90.50966799187808
2 1.1 90.50966799187808
3 1.1 90.50966799187808
4 1.1 90.50966799187808
5 1.1 90.50966799187808
6 1.1 90.50966799187808
7 1.1 90.50966799187808
8 1.1 90.50966799187808
9 1.1 90.50966799187808
10 1.1 90.50966799187808
1 1.2 90.50966799187808
2 1.2 90.50966799187808
3 1.2 90.50966799187808
4 1.2 90.50966799187808
5 1.2 90.50966799187808
6 1.2 90.50966799187808
7 1.2 90.50966799187808
8 1.2 90.50966799187808
9 1.2 90.50966799187808
10 1.2 90.50966799187808
1 1.3 90.50966799187808
2 1.3 90.50966799187808
3 1.3 90.50966799187808
4 1.3 90.50966799187808
5 1.3 90.50966799187808
6 1.3 90.50966799187808
7 1.3 90.50966799187808
8 1.3 90.50966799187808
9 1.3 90.50966799187808
10 1.3 90.50966799187808
1 1.4 90.50966799187808
2 1.4 90.50966799187808
3 1.4 90.50966799187808
4 1.4 90.50966799187808
5 1.4 90.50966799187808
6 1.4 90.50966799187808
7 1.4 90.50966799187808
8 1.4 90.50966799187808
9 1.4 90.50966799187808
10 1.4 90.50966799187808
1 1.5 90.50966799187808
2 1.5 90.50966799187808
3 1.5 90.50966799187808
4 1.5 90.50966799187808
5 1.5 90.50966799187808
6 1.5 90.50966799187808
7 1.5 90.50966799187808
8 1.5 90.50966799187808
9 1.5 90.50966799187808
10 1.5 90.50966799187808
1 1.6 90.50966799187808
2 1.6 90.50966799187808
3 1.6 90.50966799187808
4 1.6 90.50966799187808
5 1.6 90.50966799187808
6 1.6 90.50966799187808
7 1.6 90.50966799187808
8 1.6 90.50966799187808
9 1.6 90.50966799187808
10 1.6 90.50966799187808
1 1.7 90.50966799187808
2 1.7 90.50966799187808
3 1.7 90.50966799187808
4 1.7 90.50966799187808
5 1.7 90.50966799187808
6 1.7 90.50966799187808
7 1.7 90.50966799187808
8 1.7 90.50966799187808
9 1.7 90.50966799187808
10 1.7 90.50966799187808
1 1.8 90.50966799187808
2 1.8 90.50966799187808
3 1.8 90.50966799187808
4 1.8 90.50966799187808
5 1.8 90.50966799187808
6 1.8 90.50966799187808
7 1.8 90.50966799187808
8 1.8 90.50966799187808
9 1.8 90.50966799187808
10 1.8 90.50966799187808
1 1.9 90.50966799187808
2 1.9 90.50966799187808
3 1.9 90.50966799187808
4 1.9 90.50966799187808
5 1.9 90.50966799187808
6 1.9 90.50966799187808
7 1.9 90.50966799187808
8 1.9 90.50966799187808
9 1.9 90.50966799187808
10 1.9 90.50966799187808
1 1.0 5.65685424949238
2 1.0 5.65685424949238
3 1.0 5.65685424949238
4 1.0 5.65685424949238
5 1.0 5.65685424949238
6 1.0 5.65685424949238
7 1.0 5.65685424949238
8 1.0 5.65685424949238
9 1.0 5.65685424949238
10 1.0 5.65685424949238
1 1.1 5.65685424949238
2 1.1 5.65685424949238
3 1.1 5.65685424949238
4 1.1 5.65685424949238
5 1.1 5.65685424949238
6 1.1 5.65685424949238
7 1.1 5.65685424949238
8 1.1 5.65685424949238
9 1.1 5.65685424949238
10 1.1 5.65685424949238
1 1.2 5.65685424949238
2 1.2 5.65685424949238
3 1.2 5.65685424949238
4 1.2 5.65685424949238
5 1.2 5.65685424949238
6 1.2 5.65685424949238
7 1.2 5.65685424949238
8 1.2 5.65685424949238
9 1.2 5.65685424949238
10 1.2 5.65685424949238
1 1.3 5.65685424949238
2 1.3 5.65685424949238
3 1.3 5.65685424949238
4 1.3 5.65685424949238
5 1.3 5.65685424949238
6 1.3 5.65685424949238
7 1.3 5.65685424949238
8 1.3 5.65685424949238
9 1.3 5.65685424949238
10 1.3 5.65685424949238
1 1.4 5.65685424949238
2 1.4 5.65685424949238
3 1.4 5.65685424949238
4 1.4 5.65685424949238
5 1.4 5.65685424949238
6 1.4 5.65685424949238
7 1.4 5.65685424949238
8 1.4 5.65685424949238
9 1.4 5.65685424949238
10 1.4 5.65685424949238
1 1.5 5.65685424949238
2 1.5 5.65685424949238
3 1.5 5.65685424949238
4 1.5 5.65685424949238
5 1.5 5.65685424949238
6 1.5 5.65685424949238
7 1.5 5.65685424949238
8 1.5 5.65685424949238
9 1.5 5.65685424949238
10 1.5 5.65685424949238
1 1.6 5.65685424949238
2 1.6 5.65685424949238
3 1.6 5.65685424949238
4 1.6 5.65685424949238
5 1.6 5.65685424949238
6 1.6 5.65685424949238
7 1.6 5.65685424949238
8 1.6 5.65685424949238
9 1.6 5.65685424949238
10 1.6 5.65685424949238
1 1.7 5.65685424949238
2 1.7 5.65685424949238
3 1.7 5.65685424949238
4 1.7 5.65685424949238
5 1.7 5.65685424949238
6 1.7 5.65685424949238
7 1.7 5.65685424949238
8 1.7 5.65685424949238
9 1.7 5.65685424949238
10 1.7 5.65685424949238
1 1.8 5.65685424949238
2 1.8 5.65685424949238
3 1.8 5.65685424949238
4 1.8 5.65685424949238
5 1.8 5.65685424949238
6 1.8 5.65685424949238
7 1.8 5.65685424949238
8 1.8 5.65685424949238
9 1.8 5.65685424949238
10 1.8 5.65685424949238
1 1.9 5.65685424949238
2 1.9 5.65685424949238
3 1.9 5.65685424949238
4 1.9 5.65685424949238
5 1.9 5.65685424949238
6 1.9 5.65685424949238
7 1.9 5.65685424949238
8 1.9 5.65685424949238
9 1.9 5.65685424949238
10 1.9 5.65685424949238
1 1.0 22.62741699796952
2 1.0 22.62741699796952
3 1.0 22.62741699796952
4 1.0 22.62741699796952
5 1.0 22.62741699796952
6 1.0 22.62741699796952
7 1.0 22.62741699796952
8 1.0 22.62741699796952
9 1.0 22.62741699796952
10 1.0 22.62741699796952
1 1.1 22.62741699796952
2 1.1 22.62741699796952
3 1.1 22.62741699796952
4 1.1 22.62741699796952
5 1.1 22.62741699796952
6 1.1 22.62741699796952
7 1.1 22.62741699796952
8 1.1 22.62741699796952
9 1.1 22.62741699796952
10 1.1 22.62741699796952
1 1.2 22.62741699796952
2 1.2 22.62741699796952
3 1.2 22.62741699796952
4 1.2 22.62741699796952
5 1.2 22.62741699796952
6 1.2 22.62741699796952
7 1.2 22.62741699796952
8 1.2 22.62741699796952
9 1.2 22.62741699796952
10 1.2 22.62741699796952
1 1.3 22.62741699796952
2 1.3 22.62741699796952
3 1.3 22.62741699796952
4 1.3 22.62741699796952
5 1.3 22.62741699796952
6 1.3 22.62741699796952
7 1.3 22.62741699796952
8 1.3 22.62741699796952
9 1.3 22.62741699796952
10 1.3 22.62741699796952
1 1.4 22.62741699796952
2 1.4 22.62741699796952
3 1.4 22.62741699796952
4 1.4 22.62741699796952
5 1.4 22.62741699796952
6 1.4 22.62741699796952
7 1.4 22.62741699796952
8 1.4 22.62741699796952
9 1.4 22.62741699796952
10 1.4 22.62741699796952
1 1.5 22.62741699796952
2 1.5 22.62741699796952
3 1.5 22.62741699796952
4 1.5 22.62741699796952
5 1.5 22.62741699796952
6 1.5 22.62741699796952
7 1.5 22.62741699796952
8 1.5 22.62741699796952
9 1.5 22.62741699796952
10 1.5 22.62741699796952
1 1.6 22.62741699796952
2 1.6 22.62741699796952
3 1.6 22.62741699796952
4 1.6 22.62741699796952
5 1.6 22.62741699796952
6 1.6 22.62741699796952
7 1.6 22.62741699796952
8 1.6 22.62741699796952
9 1.6 22.62741699796952
10 1.6 22.62741699796952
1 1.7 22.62741699796952
2 1.7 22.62741699796952
3 1.7 22.62741699796952
4 1.7 22.62741699796952
5 1.7 22.62741699796952
6 1.7 22.62741699796952
7 1.7 22.62741699796952
8 1.7 22.62741699796952
9 1.7 22.62741699796952
10 1.7 22.62741699796952
1 1.8 22.62741699796952
2 1.8 22.62741699796952
3 1.8 22.62741699796952
4 1.8 22.62741699796952
5 1.8 22.62741699796952
6 1.8 22.62741699796952
7 1.8 22.62741699796952
8 1.8 22.62741699796952
9 1.8 22.62741699796952
10 1.8 22.62741699796952
1 1.9 22.62741699796952
2 1.9 22.62741699796952
3 1.9 22.62741699796952
4 1.9 22.62741699796952
5 1.9 22.62741699796952
6 1.9 22.62741699796952
7 1.9 22.62741699796952
8 1.9 22.62741699796952
9 1.9 22.62741699796952
10 1.9 22.62741699796952
1 1.0 2.82842712474619
2 1.0 2.82842712474619
3 1.0 2.82842712474619
4 1.0 2.82842712474619
5 1.0 2.82842712474619
6 1.0 2.82842712474619
7 1.0 2.82842712474619
8 1.0 2.82842712474619
9 1.0 2.82842712474619
10 1.0 2.82842712474619
1 1.1 2.82842712474619
2 1.1 2.82842712474619
3 1.1 2.82842712474619
4 1.1 2.82842712474619
5 1.1 2.82842712474619
6 1.1 2.82842712474619
7 1.1 2.82842712474619
8 1.1 2.82842712474619
9 1.1 2.82842712474619
10 1.1 2.82842712474619
1 1.2 2.82842712474619
2 1.2 2.82842712474619
3 1.2 2.82842712474619
4 1.2 2.82842712474619
5 1.2 2.82842712474619
6 1.2 2.82842712474619
7 1.2 2.82842712474619
8 1.2 2.82842712474619
9 1.2 2.82842712474619
10 1.2 2.82842712474619
1 1.3 2.82842712474619
2 1.3 2.82842712474619
3 1.3 2.82842712474619
4 1.3 2.82842712474619
5 1.3 2.82842712474619
6 1.3 2.82842712474619
7 1.3 2.82842712474619
8 1.3 2.82842712474619
9 1.3 2.82842712474619
10 1.3 2.82842712474619
1 1.4 2.82842712474619
2 1.4 2.82842712474619
3 1.4 2.82842712474619
4 1.4 2.82842712474619
5 1.4 2.82842712474619
6 1.4 2.82842712474619
7 1.4 2.82842712474619
8 1.4 2.82842712474619
9 1.4 2.82842712474619
10 1.4 2.82842712474619
1 1.5 2.82842712474619
2 1.5 2.82842712474619
3 1.5 2.82842712474619
4 1.5 2.82842712474619
5 1.5 2.82842712474619
6 1.5 2.82842712474619
7 1.5 2.82842712474619
8 1.5 2.82842712474619
9 1.5 2.82842712474619
10 1.5 2.82842712474619
1 1.6 2.82842712474619
2 1.6 2.82842712474619
3 1.6 2.82842712474619
4 1.6 2.82842712474619
5 1.6 2.82842712474619
6 1.6 2.82842712474619
7 1.6 2.82842712474619
8 1.6 2.82842712474619
9 1.6 2.82842712474619
10 1.6 2.82842712474619
1 1.7 2.82842712474619
2 1.7 2.82842712474619
3 1.7 2.82842712474619
4 1.7 2.82842712474619
5 1.7 2.82842712474619
6 1.7 2.82842712474619
7 1.7 2.82842712474619
8 1.7 2.82842712474619
9 1.7 2.82842712474619
10 1.7 2.82842712474619
1 1.8 2.82842712474619
2 1.8 2.82842712474619
3 1.8 2.82842712474619
4 1.8 2.82842712474619
5 1.8 2.82842712474619
6 1.8 2.82842712474619
7 1.8 2.82842712474619
8 1.8 2.82842712474619
9 1.8 2.82842712474619
10 1.8 2.82842712474619
1 1.9 2.82842712474619
2 1.9 2.82842712474619
3 1.9 2.82842712474619
4 1.9 2.82842712474619
5 1.9 2.82842712474619
6 1.9 2.82842712474619
7 1.9 2.82842712474619
8 1.9 2.82842712474619
9 1.9 2.82842712474619
10 1.9 2.82842712474619
1 1.0 1.414213562373095
2 1.0 1.414213562373095
3 1.0 1.414213562373095
4 1.0 1.414213562373095
5 1.0 1.414213562373095
6 1.0 1.414213562373095
7 1.0 1.414213562373095
8 1.0 1.414213562373095
9 1.0 1.414213562373095
10 1.0 1.414213562373095
1 1.1 1.414213562373095
2 1.1 1.414213562373095
3 1.1 1.414213562373095
4 1.1 1.414213562373095
5 1.1 1.414213562373095
6 1.1 1.414213562373095
7 1.1 1.414213562373095
8 1.1 1.414213562373095
9 1.1 1.414213562373095
10 1.1 1.414213562373095
1 1.2 1.414213562373095
2 1.2 1.414213562373095
3 1.2 1.414213562373095
4 1.2 1.414213562373095
5 1.2 1.414213562373095
6 1.2 1.414213562373095
7 1.2 1.414213562373095
8 1.2 1.414213562373095
9 1.2 1.414213562373095
10 1.2 1.414213562373095
1 1.3 1.414213562373095
2 1.3 1.414213562373095
3 1.3 1.414213562373095
4 1.3 1.414213562373095
5 1.3 1.414213562373095
6 1.3 1.414213562373095
7 1.3 1.414213562373095
8 1.3 1.414213562373095
9 1.3 1.414213562373095
10 1.3 1.414213562373095
1 1.4 1.414213562373095
2 1.4 1.414213562373095
3 1.4 1.414213562373095
4 1.4 1.414213562373095
5 1.4 1.414213562373095
6 1.4 1.414213562373095
7 1.4 1.414213562373095
8 1.4 1.414213562373095
9 1.4 1.414213562373095
10 1.4 1.414213562373095
1 1.5 1.414213562373095
2 1.5 1.414213562373095
3 1.5 1.414213562373095
4 1.5 1.414213562373095
5 1.5 1.414213562373095
6 1.5 1.414213562373095
7 1.5 1.414213562373095
8 1.5 1.414213562373095
9 1.5 1.414213562373095
10 1.5 1.414213562373095
1 1.6 1.414213562373095
2 1.6 1.414213562373095
3 1.6 1.414213562373095
4 1.6 1.414213562373095
5 1.6 1.414213562373095
6 1.6 1.414213562373095
7 1.6 1.414213562373095
8 1.6 1.414213562373095
9 1.6 1.414213562373095
10 1.6 1.414213562373095
1 1.7 1.414213562373095
2 1.7 1.414213562373095
3 1.7 1.414213562373095
4 1.7 1.414213562373095
5 1.7 1.414213562373095
6 1.7 1.414213562373095
7 1.7 1.414213562373095
8 1.7 1.414213562373095
9 1.7 1.414213562373095
10 1.7 1.414213562373095
1 1.8 1.414213562373095
2 1.8 1.414213562373095
3 1.8 1.414213562373095
4 1.8 1.414213562373095
5 1.8 1.414213562373095
6 1.8 1.414213562373095
7 1.8 1.414213562373095
8 1.8 1.414213562373095
9 1.8 1.414213562373095
10 1.8 1.414213562373095
1 1.9 1.414213562373095
2 1.9 1.414213562373095
3 1.9 1.414213562373095
4 1.9 1.414213562373095
5 1.9 1.414213562373095
6 1.9 1.414213562373095
7 1.9 1.414213562373095
8 1.9 1.414213562373095
9 1.9 1.414213562373095
10 1.9 1.414213562373095
