0.1 0.0 0.5
0.2 0.0 0.5
0.3 0.0 0.5
0.4 0.0 0.5
0.5 0.0 0.5
0.6 0.0 0.5
0.7 0.0 0.5
0.8 0.0 0.5
0.9 0.0 0.5
1.0 0.0 0.5
0.1 0.1 0.5
0.2 0.1 0.5
0.3 0.1 0.5
0.4 0.1 0.5
0.5 0.1 0.5
0.6 0.1 0.5
0.7 0.1 0.5
0.8 0.1 0.5
0.9 0.1 0.5
1.0 0.1 0.5
0.1 0.2 0.5
0.2 0.2 0.5
0.3 0.2 0.5
0.4 0.2 0.5
0.5 0.2 0.5
0.6 0.2 0.5
0.7 0.2 0.5
0.8 0.2 0.5
0.9 0.2 0.5
1.0 0.2 0.5
0.1 0.3 0.5
0.2 0.3 0.5
0.3 0.3 0.5
0.4 0.3 0.5
0.5 0.3 0.5
0.6 0.3 0.5
0.7 0.3 0.5
0.8 0.3 0.5
0.9 0.3 0.5
1.0 0.3 0.5
0.1 0.4 0.5
0.2 0.4 0.5
0.3 0.4 0.5
0.4 0.4 0.5
0.5 0.4 0.5
0.6 0.4 0.5
0.7 0.4 0.5
0.8 0.4 0.5
0.9 0.4 0.5
1.0 0.4 0.5
0.1 0.5 0.5
0.2 0.5 0.5
0.3 0.5 0.5
0.4 0.5 0.5
0.5 0.5 0.5
0.6 0.5 0.5
0.7 0.5 0.5
0.8 0.5 0.5
0.9 0.5 0.5
1.0 0.5 0.5
0.1 0.6 0.5
0.2 0.6 0.5
0.3 0.6 0.5
0.4 0.6 0.5
0.5 0.6 0.5
0.6 0.6 0.5
0.7 0.6 0.5
0.8 0.6 0.5
0.9 0.6 0.5
1.0 0.6 0.5
0.1 0.7 0.5
0.2 0.7 0.5
0.3 0.7 0.5
0.4 0.7 0.5
0.5 0.7 0.5
0.6 0.7 0.5
0.7 0.7 0.5
0.8 0.7 0.5
0.9 0.7 0.5
1.0 0.7 0.5
0.1 0.8 0.5
0.2 0.8 0.5
0.3 0.8 0.5
0.4 0.8 0.5
0.5 0.8 0.5
0.6 0.8 0.5
0.7 0.8 0.5
0.8 0.8 0.5
0.9 0.8 0.5
1.0 0.8 0.5
0.1 0.9 0.5
0.2 0.9 0.5
0.3 0.9 0.5
0.4 0.9 0.5
0.5 0.9 0.5
0.6 0.9 0.5
0.7 0.9 0.5
0.8 0.9 0.5
0.9 0.9 0.5
1.0 0.9 0.5
0.1 0.0 16.0
0.2 0.0 16.0
0.3 0.0 16.0
0.4 0.0 16.0
0.5 0.0 16.0
0.6 0.0 16.0
0.7 0.0 16.0
0.8 0.0 16.0
0.9 0.0 16.0
1.0 0.0 16.0
0.1 0.1 16.0
0.2 0.1 16.0
0.3 0.1 16.0
0.4 0.1 16.0
0.5 0.1 16.0
0.6 0.1 16.0
0.7 0.1 16.0
0.8 0.1 16.0
0.9 0.1 16.0
1.0 0.1 16.0
0.1 0.2 16.0
0.2 0.2 16.0
0.3 0.2 16.0
0.4 0.2 16.0
0.5 0.2 16.0
0.6 0.2 16.0
0.7 0.2 16.0
0.8 0.2 16.0
0.9 0.2 16.0
1.0 0.2 16.0
0.1 0.3 16.0
0.2 0.3 16.0
0.3 0.3 16.0
0.4 0.3 16.0
0.5 0.3 16.0
0.6 0.3 16.0
0.7 0.3 16.0
0.8 0.3 16.0
0.9 0.3 16.0
1.0 0.3 16.0
0.1 0.4 16.0
0.2 0.4 16.0
0.3 0.4 16.0
0.4 0.4 16.0
0.5 0.4 16.0
0.6 0.4 16.0
0.7 0.4 16.0
0.8 0.4 16.0
0.9 0.4 16.0
1.0 0.4 16.0
0.1 0.5 16.0
0.2 0.5 16.0
0.3 0.5 16.0
0.4 0.5 16.0
0.5 0.5 16.0
0.6 0.5 16.0
0.7 0.5 16.0
0.8 0.5 16.0
0.9 0.5 16.0
1.0 0.5 16.0
0.1 0.6 16.0
0.2 0.6 16.0
0.3 0.6 16.0
0.4 0.6 16.0
0.5 0.6 16.0
0.6 0.6 16.0
0.7 0.6 16.0
0.8 0.6 16.0
0.9 0.6 16.0
1.0 0.6 16.0
0.1 0.7 16.0
0.2 0.7 16.0
0.3 0.7 16.0
0.4 0.7 16.0
0.5 0.7 16.0
0.6 0.7 16.0
0.7 0.7 16.0
0.8 0.7 16.0
0.9 0.7 16.0
1.0 0.7 16.0
0.1 0.8 16.0
0.2 0.8 16.0
0.3 0.8 16.0
0.4 0.8 16.0
0.5 0.8 16.0
0.6 0.8 16.0
0.7 0.8 16.0
0.8 0.8 16.0
0.9 0.8 16.0
1.0 0.8 16.0
0.1 0.9 16.0
0.2 0.9 16.0
0.3 0.9 16.0
0.4 0.9 16.0
0.5 0.9 16.0
0.6 0.9 16.0
0.7 0.9 16.0
0.8 0.9 16.0
0.9 0.9 16.0
1.0 0.9 16.0
0.1 0.0 2.0
0.2 0.0 2.0
0.3 0.0 2.0
0.4 0.0 2.0
0.5 0.0 2.0
0.6 0.0 2.0
0.7 0.0 2.0
0.8 0.0 2.0
0.9 0.0 2.0
1.0 0.0 2.0
0.1 0.1 2.0
0.2 0.1 2.0
0.3 0.1 2.0
0.4 0.1 2.0
0.5 0.1 2.0
0.6 0.1 2.0
0.7 0.1 2.0
0.8 0.1 2.0
0.9 0.1 2.0
1.0 0.1 2.0
0.1 0.2 2.0
0.2 0.2 2.0
0.3 0.2 2.0
0.4 0.2 2.0
0.5 0.2 2.0
0.6 0.2 2.0
0.7 0.2 2.0
0.8 0.2 2.0
0.9 0.2 2.0
1.0 0.2 2.0
0.1 0.3 2.0
0.2 0.3 2.0
0.3 0.3 2.0
0.4 0.3 2.0
0.5 0.3 2.0
0.6 0.3 2.0
0.7 0.3 2.0
0.8 0.3 2.0
0.9 0.3 2.0
1.0 0.3 2.0
0.1 0.4 2.0
0.2 0.4 2.0
0.3 0.4 2.0
0.4 0.4 2.0
0.5 0.4 2.0
0.6 0.4 2.0
0.7 0.4 2.0
0.8 0.4 2.0
0.9 0.4 2.0
1.0 0.4 2.0
0.1 0.5 2.0
0.2 0.5 2.0
0.3 0.5 2.0
0.4 0.5 2.0
0.5 0.5 2.0
0.6 0.5 2.0
0.7 0.5 2.0
0.8 0.5 2.0
0.9 0.5 2.0
1.0 0.5 2.0
0.1 0.6 2.0
0.2 0.6 2.0
0.3 0.6 2.0
0.4 0.6 2.0
0.5 0.6 2.0
0.6 0.6 2.0
0.7 0.6 2.0
0.8 0.6 2.0
0.9 0.6 2.0
1.0 0.6 2.0
0.1 0.7 2.0
0.2 0.7 2.0
0.3 0.7 2.0
0.4 0.7 2.0
0.5 0.7 2.0
0.6 0.7 2.0
0.7 0.7 2.0
0.8 0.7 2.0
0.9 0.7 2.0
1.0 0.7 2.0
0.1 0.8 2.0
0.2 0.8 2.0
0.3 0.8 2.0
0.4 0.8 2.0
0.5 0.8 2.0
0.6 0.8 2.0
0.7 0.8 2.0
0.8 0.8 2.0
0.9 0.8 2.0
1.0 0.8 2.0
0.1 0.9 2.0
0.2 0.9 2.0
0.3 0.9 2.0
0.4 0.9 2.0
0.5 0.9 2.0
0.6 0.9 2.0
0.7 0.9 2.0
0.8 0.9 2.0
0.9 0.9 2.0
1.0 0.9 2.0
0.1 0.0 64.0
0.2 0.0 64.0
0.3 0.0 64.0
0.4 0.0 64.0
0.5 0.0 64.0
0.6 0.0 64.0
0.7 0.0 64.0
0.8 0.0 64.0
0.9 0.0 64.0
1.0 0.0 64.0
0.1 0.1 64.0
0.2 0.1 64.0
0.3 0.1 64.0
0.4 0.1 64.0
0.5 0.1 64.0
0.6 0.1 64.0
0.7 0.1 64.0
0.8 0.1 64.0
0.9 0.1 64.0
1.0 0.1 64.0
0.1 0.2 64.0
0.2 0.2 64.0
0.3 0.2 64.0
0.4 0.2 64.0
0.5 0.2 64.0
0.6 0.2 64.0
0.7 0.2 64.0
0.8 0.2 64.0
0.9 0.2 64.0
1.0 0.2 64.0
0.1 0.3 64.0
0.2 0.3 64.0
0.3 0.3 64.0
0.4 0.3 64.0
0.5 0.3 64.0
0.6 0.3 64.0
0.7 0.3 64.0
0.8 0.3 64.0
0.9 0.3 64.0
1.0 0.3 64.0
0.1 0.4 64.0
0.2 0.4 64.0
0.3 0.4 64.0
0.4 0.4 64.0
0.5 0.4 64.0
0.6 0.4 64.0
0.7 0.4 64.0
0.8 0.4 64.0
0.9 0.4 64.0
1.0 0.4 64.0
0.1 0.5 64.0
0.2 0.5 64.0
0.3 0.5 64.0
0.4 0.5 64.0
0.5 0.5 64.0
0.6 0.5 64.0
0.7 0.5 64.0
0.8 0.5 64.0
0.9 0.5 64.0
1.0 0.5 64.0
0.1 0.6 64.0
0.2 0.6 64.0
0.3 0.6 64.0
0.4 0.6 64.0
0.5 0.6 64.0
0.6 0.6 64.0
0.7 0.6 64.0
0.8 0.6 64.0
0.9 0.6 64.0
1.0 0.6 64.0
0.1 0.7 64.0
0.2 0.7 64.0
0.3 0.7 64.0
0.4 0.7 64.0
0.5 0.7 64.0
0.6 0.7 64.0
0.7 0.7 64.0
0.8 0.7 64.0
0.9 0.7 64.0
1.0 0.7 64.0
0.1 0.8 64.0
0.2 0.8 64.0
0.3 0.8 64.0
0.4 0.8 64.0
0.5 0.8 64.0
0.6 0.8 64.0
0.7 0.8 64.0
0.8 0.8 64.0
0.9 0.8 64.0
1.0 0.8 64.0
0.1 0.9 64.0
0.2 0.9 64.0
0.3 0.9 64.0
0.4 0.9 64.0
0.5 0.9 64.0
0.6 0.9 64.0
0.7 0.9 64.0
0.8 0.9 64.0
0.9 0.9 64.0
1.0 0.9 64.0
0.1 0.0 1.0
0.2 0.0 1.0
0.3 0.0 1.0
0.4 0.0 1.0
0.5 0.0 1.0
0.6 0.0 1.0
0.7 0.0 1.0
0.8 0.0 1.0
0.9 0.0 1.0
1.0 0.0 1.0
0.1 0.1 1.0
0.2 0.1 1.0
0.3 0.1 1.0
0.4 0.1 1.0
0.5 0.1 1.0
0.6 0.1 1.0
0.7 0.1 1.0
0.8 0.1 1.0
0.9 0.1 1.0
1.0 0.1 1.0
0.1 0.2 1.0
0.2 0.2 1.0
0.3 0.2 1.0
0.4 0.2 1.0
0.5 0.2 1.0
0.6 0.2 1.0
0.7 0.2 1.0
0.8 0.2 1.0
0.9 0.2 1.0
1.0 0.2 1.0
0.1 0.3 1.0
0.2 0.3 1.0
0.3 0.3 1.0
0.4 0.3 1.0
0.5 0.3 1.0
0.6 0.3 1.0
0.7 0.3 1.0
0.8 0.3 1.0
0.9 0.3 1.0
1.0 0.3 1.0
0.1 0.4 1.0
0.2 0.4 1.0
0.3 0.4 1.0
0.4 0.4 1.0
0.5 0.4 1.0
0.6 0.4 1.0
0.7 0.4 1.0
0.8 0.4 1.0
0.9 0.4 1.0
1.0 0.4 1.0
0.1 0.5 1.0
0.2 0.5 1.0
0.3 0.5 1.0
0.4 0.5 1.0
0.5 0.5 1.0
0.6 0.5 1.0
0.7 0.5 1.0
0.8 0.5 1.0
0.9 0.5 1.0
1.0 0.5 1.0
0.1 0.6 1.0
0.2 0.6 1.0
0.3 0.6 1.0
0.4 0.6 1.0
0.5 0.6 1.0
0.6 0.6 1.0
0.7 0.6 1.0
0.8 0.6 1.0
0.9 0.6 1.0
1.0 0.6 1.0
0.1 0.7 1.0
0.2 0.7 1.0
0.3 0.7 1.0
0.4 0.7 1.0
0.5 0.7 1.0
0.6 0.7 1.0
0.7 0.7 1.0
0.8 0.7 1.0
0.9 0.7 1.0
1.0 0.7 1.0
0.1 0.8 1.0
0.2 0.8 1.0
0.3 0.8 1.0
0.4 0.8 1.0
0.5 0.8 1.0
0.6 0.8 1.0
0.7 0.8 1.0
0.8 0.8 1.0
0.9 0.8 1.0
1.0 0.8 1.0
0.1 0.9 1.0
0.2 0.9 1.0
0.3 0.9 1.0
0.4 0.9 1.0
0.5 0.9 1.0
0.6 0.9 1.0
0.7 0.9 1.0
0.8 0.9 1.0
0.9 0.9 1.0
1.0 0.9 1.0
0.1 0.0 4.0
0.2 0.0 4.0
0.3 0.0 4.0
0.4 0.0 4.0
0.5 0.0 4.0
0.6 0.0 4.0
0.7 0.0 4.0
0.8 0.0 4.0
0.9 0.0 4.0
1.0 0.0 4.0
0.1 0.1 4.0
0.2 0.1 4.0
0.3 0.1 4.0
0.4 0.1 4.0
0.5 0.1 4.0
0.6 0.1 4.0
0.7 0.1 4.0
0.8 0.1 4.0
0.9 0.1 4.0
1.0 0.1 4.0
0.1 0.2 4.0
0.2 0.2 4.0
0.3 0.2 4.0
0.4 0.2 4.0
0.5 0.2 4.0
0.6 0.2 4.0
0.7 0.2 4.0
0.8 0.2 4.0
0.9 0.2 4.0
1.0 0.2 4.0
0.1 0.3 4.0
0.2 0.3 4.0
0.3 0.3 4.0
0.4 0.3 4.0
0.5 0.3 4.0
0.6 0.3 4.0
0.7 0.3 4.0
0.8 0.3 4.0
0.9 0.3 4.0
1.0 0.3 4.0
0.1 0.4 4.0
0.2 0.4 4.0
0.3 0.4 4.0
0.4 0.4 4.0
0.5 0.4 4.0
0.6 0.4 4.0
0.7 0.4 4.0
0.8 0.4 4.0
0.9 0.4 4.0
1.0 0.4 4.0
0.1 0.5 4.0
0.2 0.5 4.0
0.3 0.5 4.0
0.4 0.5 4.0
0.5 0.5 4.0
0.6 0.5 4.0
0.7 0.5 4.0
0.8 0.5 4.0
0.9 0.5 4.0
1.0 0.5 4.0
0.1 0.6 4.0
0.2 0.6 4.0
0.3 0.6 4.0
0.4 0.6 4.0
0.5 0.6 4.0
0.6 0.6 4.0
0.7 0.6 4.0
0.8 0.6 4.0
0.9 0.6 4.0
1.0 0.6 4.0
0.1 0.7 4.0
0.2 0.7 4.0
0.3 0.7 4.0
0.4 0.7 4.0
0.5 0.7 4.0
0.6 0.7 4.0
0.7 0.7 4.0
0.8 0.7 4.0
0.9 0.7 4.0
1.0 0.7 4.0
0.1 0.8 4.0
0.2 0.8 4.0
0.3 0.8 4.0
0.4 0.8 4.0
0.5 0.8 4.0
0.6 0.8 4.0
0.7 0.8 4.0
0.8 0.8 4.0
0.9 0.8 4.0
1.0 0.8 4.0
0.1 0.9 4.0
0.2 0.9 4.0
0.3 0.9 4.0
0.4 0.9 4.0
0.5 0.9 4.0
0.6 0.9 4.0
0.7 0.9 4.0
0.8 0.9 4.0
0.9 0.9 4.0
1.0 0.9 4.0
0.1 0.0 128.0
0.2 0.0 128.0
0.3 0.0 128.0
0.4 0.0 128.0
0.5 0.0 128.0
0.6 0.0 128.0
0.7 0.0 128.0
0.8 0.0 128.0
0.9 0.0 128.0
1.0 0.0 128.0
0.1 0.1 128.0
0.2 0.1 128.0
0.3 0.1 128.0
0.4 0.1 128.0
0.5 0.1 128.0
0.6 0.1 128.0
0.7 0.1 128.0
0.8 0.1 128.0
0.9 0.1 128.0
1.0 0.1 128.0
0.1 0.2 128.0
0.2 0.2 128.0
0.3 0.2 128.0
0.4 0.2 128.0
0.5 0.2 128.0
0.6 0.2 128.0
0.7 0.2 128.0
0.8 0.2 128.0
0.9 0.2 128.0
1.0 0.2 128.0
0.1 0.3 128.0
0.2 0.3 128.0
0.3 0.3 128.0
0.4 0.3 128.0
0.5 0.3 128.0
0.6 0.3 128.0
0.7 0.3 128.0
0.8 0.3 128.0
0.9 0.3 128.0
1.0 0.3 128.0
0.1 0.4 128.0
0.2 0.4 128.0
0.3 0.4 128.0
0.4 0.4 128.0
0.5 0.4 128.0
0.6 0.4 128.0
0.7 0.4 128.0
0.8 0.4 128.0
0.9 0.4 128.0
1.0 0.4 128.0
0.1 0.5 128.0
0.2 0.5 128.0
0.3 0.5 128.0
0.4 0.5 128.0
0.5 0.5 128.0
0.6 0.5 128.0
0.7 0.5 128.0
0.8 0.5 128.0
0.9 0.5 128.0
1.0 0.5 128.0
0.1 0.6 128.0
0.2 0.6 128.0
0.3 0.6 128.0
0.4 0.6 128.0
0.5 0.6 128.0
0.6 0.6 128.0
0.7 0.6 128.0
0.8 0.6 128.0
0.9 0.6 128.0
1.0 0.6 128.0
0.1 0.7 128.0
0.2 0.7 128.0
0.3 0.7 128.0
0.4 0.7 128.0
0.5 0.7 128.0
0.6 0.7 128.0
0.7 0.7 128.0
0.8 0.7 128.0
0.9 0.7 128.0
1.0 0.7 128.0
0.1 0.8 128.0
0.2 0.8 128.0
0.3 0.8 128.0
0.4 0.8 128.0
0.5 0.8 128.0
0.6 0.8 128.0
0.7 0.8 128.0
0.8 0.8 128.0
0.9 0.8 128.0
1.0 0.8 128.0
0.1 0.9 128.0
0.2 0.9 128.0
0.3 0.9 128.0
0.4 0.9 128.0
0.5 0.9 128.0
0.6 0.9 128.0
0.7 0.9 128.0
0.8 0.9 128.0
0.9 0.9 128.0
1.0 0.9 128.0
0.1 0.0 8.0
0.2 0.0 8.0
0.3 0.0 8.0
0.4 0.0 8.0
0.5 0.0 8.0
0.6 0.0 8.0
0.7 0.0 8.0
0.8 0.0 8.0
0.9 0.0 8.0
1.0 0.0 8.0
0.1 0.1 8.0
0.2 0.1 8.0
0.3 0.1 8.0
0.4 0.1 8.0
0.5 0.1 8.0
0.6 0.1 8.0
0.7 0.1 8.0
0.8 0.1 8.0
0.9 0.1 8.0
1.0 0.1 8.0
0.1 0.2 8.0
0.2 0.2 8.0
0.3 0.2 8.0
0.4 0.2 8.0
0.5 0.2 8.0
0.6 0.2 8.0
0.7 0.2 8.0
0.8 0.2 8.0
0.9 0.2 8.0
1.0 0.2 8.0
0.1 0.3 8.0
0.2 0.3 8.0
0.3 0.3 8.0
0.4 0.3 8.0
0.5 0.3 8.0
0.6 0.3 8.0
0.7 0.3 8.0
0.8 0.3 8.0
0.9 0.3 8.0
1.0 0.3 8.0
0.1 0.4 8.0
0.2 0.4 8.0
0.3 0.4 8.0
0.4 0.4 8.0
0.5 0.4 8.0
0.6 0.4 8.0
0.7 0.4 8.0
0.8 0.4 8.0
0.9 0.4 8.0
1.0 0.4 8.0
0.1 0.5 8.0
0.2 0.5 8.0
0.3 0.5 8.0
0.4 0.5 8.0
0.5 0.5 8.0
0.6 0.5 8.0
0.7 0.5 8.0
0.8 0.5 8.0
0.9 0.5 8.0
1.0 0.5 8.0
0.1 0.6 8.0
0.2 0.6 8.0
0.3 0.6 8.0
0.4 0.6 8.0
0.5 0.6 8.0
0.6 0.6 8.0
0.7 0.6 8.0
0.8 0.6 8.0
0.9 0.6 8.0
1.0 0.6 8.0
0.1 0.7 8.0
0.2 0.7 8.0
0.3 0.7 8.0
0.4 0.7 8.0
0.5 0.7 8.0
0.6 0.7 8.0
0.7 0.7 8.0
0.8 0.7 8.0
0.9 0.7 8.0
1.0 0.7 8.0
0.1 0.8 8.0
0.2 0.8 8.0
0.3 0.8 8.0
0.4 0.8 8.0
0.5 0.8 8.0
0.6 0.8 8.0
0.7 0.8 8.0
0.8 0.8 8.0
0.9 0.8 8.0
1.0 0.8 8.0
0.1 0.9 8.0
0.2 0.9 8.0
0.3 0.9 8.0
0.4 0.9 8.0
0.5 0.9 8.0
0.6 0.9 8.0
0.7 0.9 8.0
0.8 0.9 8.0
0.9 0.9 8.0
1.0 0.9 8.0
0.1 0.0 0.25
0.2 0.0 0.25
0.3 0.0 0.25
0.4 0.0 0.25
0.5 0.0 0.25
0.6 0.0 0.25
0.7 0.0 0.25
0.8 0.0 0.25
0.9 0.0 0.25
1.0 0.0 0.25
0.1 0.1 0.25
0.2 0.1 0.25
0.3 0.1 0.25
0.4 0.1 0.25
0.5 0.1 0.25
0.6 0.1 0.25
0.7 0.1 0.25
0.8 0.1 0.25
0.9 0.1 0.25
1.0 0.1 0.25
0.1 0.2 0.25
0.2 0.2 0.25
0.3 0.2 0.25
0.4 0.2 0.25
0.5 0.2 0.25
0.6 0.2 0.25
0.7 0.2 0.25
0.8 0.2 0.25
0.9 0.2 0.25
1.0 0.2 0.25
0.1 0.3 0.25
0.2 0.3 0.25
0.3 0.3 0.25
0.4 0.3 0.25
0.5 0.3 0.25
0.6 0.3 0.25
0.7 0.3 0.25
0.8 0.3 0.25
0.9 0.3 0.25
1.0 0.3 0.25
0.1 0.4 0.25
0.2 0.4 0.25
0.3 0.4 0.25
0.4 0.4 0.25
0.5 0.4 0.25
0.6 0.4 0.25
0.7 0.4 0.25
0.8 0.4 0.25
0.9 0.4 0.25
1.0 0.4 0.25
0.1 0.5 0.25
0.2 0.5 0.25
0.3 0.5 0.25
0.4 0.5 0.25
0.5 0.5 0.25
0.6 0.5 0.25
0.7 0.5 0.25
0.8 0.5 0.25
0.9 0.5 0.25
1.0 0.5 0.25
0.1 0.6 0.25
0.2 0.6 0.25
0.3 0.6 0.25
0.4 0.6 0.25
0.5 0.6 0.25
0.6 0.6 0.25
0.7 0.6 0.25
0.8 0.6 0.25
0.9 0.6 0.25
1.0 0.6 0.25
0.1 0.7 0.25
0.2 0.7 0.25
0.3 0.7 0.25
0.4 0.7 0.25
0.5 0.7 0.25
0.6 0.7 0.25
0.7 0.7 0.25
0.8 0.7 0.25
0.9 0.7 0.25
1.0 0.7 0.25
0.1 0.8 0.25
0.2 0.8 0.25
0.3 0.8 0.25
0.4 0.8 0.25
0.5 0.8 0.25
0.6 0.8 0.25
0.7 0.8 0.25
0.8 0.8 0.25
0.9 0.8 0.25
1.0 0.8 0.25
0.1 0.9 0.25
0.2 0.9 0.25
0.3 0.9 0.25
0.4 0.9 0.25
0.5 0.9 0.25
0.6 0.9 0.25
0.7 0.9 0.25
0.8 0.9 0.25
0.9 0.9 0.25
1.0 0.9 0.25
0.1 0.0 32.0
0.2 0.0 32.0
0.3 0.0 32.0
0.4 0.0 32.0
0.5 0.0 32.0
0.6 0.0 32.0
0.7 0.0 32.0
0.8 0.0 32.0
0.9 0.0 32.0
1.0 0.0 32.0
0.1 0.1 32.0
0.2 0.1 32.0
0.3 0.1 32.0
0.4 0.1 32.0
0.5 0.1 32.0
0.6 0.1 32.0
0.7 0.1 32.0
0.8 0.1 32.0
0.9 0.1 32.0
1.0 0.1 32.0
0.1 0.2 32.0
0.2 0.2 32.0
0.3 0.2 32.0
0.4 0.2 32.0
0.5 0.2 32.0
0.6 0.2 32.0
0.7 0.2 32.0
0.8 0.2 32.0
0.9 0.2 32.0
1.0 0.2 32.0
0.1 0.3 32.0
0.2 0.3 32.0
0.3 0.3 32.0
0.4 0.3 32.0
0.5 0.3 32.0
0.6 0.3 32.0
0.7 0.3 32.0
0.8 0.3 32.0
0.9 0.3 32.0
1.0 0.3 32.0
0.1 0.4 32.0
0.2 0.4 32.0
0.3 0.4 32.0
0.4 0.4 32.0
0.5 0.4 32.0
0.6 0.4 32.0
0.7 0.4 32.0
0.8 0.4 32.0
0.9 0.4 32.0
1.0 0.4 32.0
0.1 0.5 32.0
0.2 0.5 32.0
0.3 0.5 32.0
0.4 0.5 32.0
0.5 0.5 32.0
0.6 0.5 32.0
0.7 0.5 32.0
0.8 0.5 32.0
0.9 0.5 32.0
1.0 0.5 32.0
0.1 0.6 32.0
0.2 0.6 32.0
0.3 0.6 32.0
0.4 0.6 32.0
0.5 0.6 32.0
0.6 0.6 32.0
0.7 0.6 32.0
0.8 0.6 32.0
0.9 0.6 32.0
1.0 0.6 32.0
0.1 0.7 32.0
0.2 0.7 32.0
0.3 0.7 32.0
0.4 0.7 32.0
0.5 0.7 32.0
0.6 0.7 32.0
0.7 0.7 32.0
0.8 0.7 32.0
0.9 0.7 32.0
1.0 0.7 32.0
0.1 0.8 32.0
0.2 0.8 32.0
0.3 0.8 32.0
0.4 0.8 32.0
0.5 0.8 32.0
0.6 0.8 32.0
0.7 0.8 32.0
0.8 0.8 32.0
0.9 0.8 32.0
1.0 0.8 32.0
0.1 0.9 32.0
0.2 0.9 32.0
0.3 0.9 32.0
0.4 0.9 32.0
0.5 0.9 32.0
0.6 0.9 32.0
0.7 0.9 32.0
0.8 0.9 32.0
0.9 0.9 32.0
1.0 0.9 32.0
